<?xml version="1.0" encoding="UTF-8"?>
<!-- Generated by org.testng.reporters.JUnitReportReporter -->
<testsuite hostname="5CG74245MX" name="com.midtier.api.Basic" tests="1" failures="0" timestamp="31 Oct 2019 21:46:23 GMT" time="2.553" errors="0">
  <testcase name="getResponse" time="2.553" classname="com.midtier.api.Basic"/>
</testsuite>
